<?xml version="1.0" encoding="UTF-8" ?>
<testsuite tests="15" failures="0" name="rpn.CLITest" time="0.1" errors="0" skipped="0">
  <properties>
[...]
</properties>
  <testcase classname="rpn.CLITest" name="should_evaluate_varied_calculation" time="0.09"/>
  <testcase classname="rpn.CLITest" name="should_evaluate_simple_subtraction" time="0"/>
  <testcase classname="rpn.CLITest" name="should_evaluate_more_complex_subtraction" time="0.001"/>
  <testcase classname="rpn.CLITest" name="should_evaluate_simple_addition" time="0"/>
  <testcase classname="rpn.CLITest" name="should_evaluate_more_complex_division" time="0.001"/>
  <testcase classname="rpn.CLITest" name="should_evaluate_simple_decimal" time="0"/>
  <testcase classname="rpn.CLITest" name="should_evaluate_single_digit_constant" time="0"/>
  <testcase classname="rpn.CLITest" name="should_evaluate_more_complex_negative" time="0.004"/>
  <testcase classname="rpn.CLITest" name="should_evaluate_more_complex_decimal" time="0"/>
  <testcase classname="rpn.CLITest" name="should_evaluate_simple_division" time="0.002"/>
  <testcase classname="rpn.CLITest" name="should_evaluate_simple_negative" time="0.001"/>
  <testcase classname="rpn.CLITest" name="should_evaluate_simple_time" time="0"/>
  <testcase classname="rpn.CLITest" name="should_evaluate_multiple_digits_constant" time="0"/>
  <testcase classname="rpn.CLITest" name="should_evaluate_more_complex_time" time="0"/>
  <testcase classname="rpn.CLITest" name="should_evaluate_more_complex_addition" time="0.001"/>
</testsuite>